  test.c
C:\Users\omerb\source\repos\Project1\Project1\test.c(38,6): warning C4026: işlev biçimsel parametre listesiyle tanımlandı
C:\Users\omerb\source\repos\Project1\Project1\test.c(38,6): warning C4273: 'DrawGrid': tutarsız dll bağlantısı
      C:\vcpkg\installed\x64-windows\include\raylib.h(1546,12):
      önceki 'DrawGrid' tanımına bakın
  
C:\Users\omerb\source\repos\Project1\Project1\test.c(45,36): warning C4244: '=': 'int' - 'float' dönüşümü; veri kaybı olabilir
C:\Users\omerb\source\repos\Project1\Project1\test.c(46,37): warning C4244: '=': 'int' - 'float' dönüşümü; veri kaybı olabilir
C:\Users\omerb\source\repos\Project1\Project1\test.c(49,63): warning C4244: 'işlev': 'float' - 'int' dönüşümü; veri kaybı olabilir
C:\Users\omerb\source\repos\Project1\Project1\test.c(49,85): warning C4244: 'işlev': 'float' - 'int' dönüşümü; veri kaybı olabilir
C:\Users\omerb\source\repos\Project1\Project1\test.c(53,64): warning C4244: 'işlev': 'float' - 'int' dönüşümü; veri kaybı olabilir
C:\Users\omerb\source\repos\Project1\Project1\test.c(53,86): warning C4244: 'işlev': 'float' - 'int' dönüşümü; veri kaybı olabilir
C:\Users\omerb\source\repos\Project1\Project1\test.c(57,64): warning C4244: 'işlev': 'float' - 'int' dönüşümü; veri kaybı olabilir
C:\Users\omerb\source\repos\Project1\Project1\test.c(57,86): warning C4244: 'işlev': 'float' - 'int' dönüşümü; veri kaybı olabilir
C:\Users\omerb\source\repos\Project1\Project1\test.c(101,25): warning C4244: '=': 'float' - 'int' dönüşümü; veri kaybı olabilir
C:\Users\omerb\source\repos\Project1\Project1\test.c(105,16): warning C4244: '=': 'float' - 'int' dönüşümü; veri kaybı olabilir
C:\Users\omerb\source\repos\Project1\Project1\test.c(106,19): warning C4244: '=': 'int' - 'float' dönüşümü; veri kaybı olabilir
C:\Users\omerb\source\repos\Project1\Project1\test.c(107,19): warning C4244: '=': 'int' - 'float' dönüşümü; veri kaybı olabilir
C:\Users\omerb\source\repos\Project1\Project1\test.c(82,24): warning C4244: 'başlatılıyor': 'float' - 'int' dönüşümü; veri kaybı olabilir
C:\Users\omerb\source\repos\Project1\Project1\test.c(84,25): warning C4244: 'başlatılıyor': 'float' - 'int' dönüşümü; veri kaybı olabilir
C:\Users\omerb\source\repos\Project1\Project1\test.c(99,70): warning C4244: 'başlatılıyor': 'double' - 'float' dönüşümü; veri kaybı olabilir
C:\Users\omerb\source\repos\Project1\Project1\test.c(170,52): warning C4244: '=': 'double' - 'int' dönüşümü; veri kaybı olabilir
C:\Users\omerb\source\repos\Project1\Project1\test.c(171,52): warning C4244: '=': 'double' - 'int' dönüşümü; veri kaybı olabilir
C:\Users\omerb\source\repos\Project1\Project1\test.c(185,14): warning C4244: '=': 'int' - 'float' dönüşümü; veri kaybı olabilir
C:\Users\omerb\source\repos\Project1\Project1\test.c(186,14): warning C4244: '=': 'int' - 'float' dönüşümü; veri kaybı olabilir
C:\Users\omerb\source\repos\Project1\Project1\test.c(190,15): warning C4244: '=': 'int' - 'float' dönüşümü; veri kaybı olabilir
C:\Users\omerb\source\repos\Project1\Project1\test.c(190,35): warning C4244: '=': 'int' - 'float' dönüşümü; veri kaybı olabilir
C:\Users\omerb\source\repos\Project1\Project1\test.c(205,25): warning C4047: '!=': 'int', yöneltme düzeyi sayısı bakımından 'void *' ile aynı değil
C:\Users\omerb\source\repos\Project1\Project1\test.c(206,33): warning C4244: 'işlev': 'float' - 'int' dönüşümü; veri kaybı olabilir
C:\Users\omerb\source\repos\Project1\Project1\test.c(206,51): warning C4244: 'işlev': 'float' - 'int' dönüşümü; veri kaybı olabilir
C:\Users\omerb\source\repos\Project1\Project1\test.c(232,9): warning C4090: 'başlatılıyor': farklı 'const' niteleyicileri
  Project1.vcxproj -> C:\Users\omerb\source\repos\Project1\x64\Debug\Project1.exe
  'pwsh.exe' is not recognized as an internal or external command,
  operable program or batch file.
